0 info it worked if it ends with ok
1 verbose cli [ '/Users/zhujunxiu/.nvm/v0.10.48/bin/node',
1 verbose cli   '/Users/zhujunxiu/.nvm/v0.10.48/bin/npm',
1 verbose cli   'run',
1 verbose cli   'dev' ]
2 info using npm@2.15.1
3 info using node@v0.10.48
4 verbose run-script [ 'predev', 'dev', 'postdev' ]
5 info predev coachshow_h5@1.0.0
6 info dev coachshow_h5@1.0.0
7 verbose unsafe-perm in lifecycle true
8 info coachshow_h5@1.0.0 Failed to exec dev script
9 verbose stack Error: coachshow_h5@1.0.0 dev: `node build/dev-server.js`
9 verbose stack Exit status 8
9 verbose stack     at EventEmitter.<anonymous> (/Users/zhujunxiu/.nvm/v0.10.48/lib/node_modules/npm/lib/utils/lifecycle.js:217:16)
9 verbose stack     at EventEmitter.emit (events.js:98:17)
9 verbose stack     at ChildProcess.<anonymous> (/Users/zhujunxiu/.nvm/v0.10.48/lib/node_modules/npm/lib/utils/spawn.js:24:14)
9 verbose stack     at ChildProcess.emit (events.js:98:17)
9 verbose stack     at maybeClose (child_process.js:766:16)
9 verbose stack     at Process.ChildProcess._handle.onexit (child_process.js:833:5)
10 verbose pkgid coachshow_h5@1.0.0
11 verbose cwd /Users/zhujunxiu/code/CoachShowH5
12 error Darwin 16.6.0
13 error argv "/Users/zhujunxiu/.nvm/v0.10.48/bin/node" "/Users/zhujunxiu/.nvm/v0.10.48/bin/npm" "run" "dev"
14 error node v0.10.48
15 error npm  v2.15.1
16 error code ELIFECYCLE
17 error coachshow_h5@1.0.0 dev: `node build/dev-server.js`
17 error Exit status 8
18 error Failed at the coachshow_h5@1.0.0 dev script 'node build/dev-server.js'.
18 error This is most likely a problem with the coachshow_h5 package,
18 error not with npm itself.
18 error Tell the author that this fails on your system:
18 error     node build/dev-server.js
18 error You can get information on how to open an issue for this project with:
18 error     npm bugs coachshow_h5
18 error Or if that isn't available, you can get their info via:
18 error
18 error     npm owner ls coachshow_h5
18 error There is likely additional logging output above.
19 verbose exit [ 1, true ]
